lerp@17.9166@p:2.8,0.0,-15.5#r:0.0,1.0,0.0,-0.2
lerp@17.93326@p:2.8,0.0,-15.5#r:0.0,1.0,0.0,-0.2
net@17.94008@p:2.8,0.0,-15.5#r:0.0,1.0,0.0,-0.2
lerp@17.94993@p:2.8,0.0,-15.5#r:0.0,1.0,0.0,-0.2
lerp@17.96659@p:2.8,0.0,-15.5#r:0.0,1.0,0.0,-0.2
net@17.9726@p:2.9,0.0,-15.4#r:0.0,1.0,0.0,-0.2
lerp@17.98326@p:2.8,0.0,-15.5#r:0.0,1.0,0.0,-0.2
lerp@17.99993@p:2.9,0.0,-15.4#r:0.0,1.0,0.0,-0.2
lerp@18.0166@p:2.9,0.0,-15.4#r:0.0,1.0,0.0,-0.2
net@18.02445@p:3.0,0.0,-15.2#r:0.0,1.0,0.0,-0.2
lerp@18.03326@p:2.9,0.0,-15.4#r:0.0,1.0,0.0,-0.2
lerp@18.04993@p:2.9,0.0,-15.3#r:0.0,1.0,0.0,-0.2
net@18.0523@p:3.2,0.0,-15.0#r:0.0,1.0,0.0,-0.2
lerp@18.0666@p:3.1,0.0,-15.1#r:0.0,1.0,0.0,-0.2
lerp@18.08326@p:3.2,0.0,-15.0#r:0.0,1.0,0.0,-0.2
net@18.09616@p:3.3,0.0,-14.9#r:0.0,1.0,0.0,-0.2
lerp@18.09993@p:3.2,0.0,-15.0#r:0.0,1.0,0.0,-0.2
lerp@18.11659@p:3.2,0.0,-14.9#r:0.0,1.0,0.0,-0.2
lerp@18.13326@p:3.2,0.0,-14.9#r:0.0,1.0,0.0,-0.2
net@18.14021@p:3.3,0.0,-14.8#r:0.0,1.0,0.0,-0.2
lerp@18.14993@p:3.3,0.0,-14.9#r:0.0,1.0,0.0,-0.2
lerp@18.1666@p:3.3,0.0,-14.9#r:0.0,1.0,0.0,-0.2
lerp@18.18326@p:3.3,0.0,-14.8#r:0.0,1.0,0.0,-0.2
net@18.19214@p:3.3,0.0,-14.8#r:0.0,1.0,0.0,-0.2
lerp@18.19993@p:3.3,0.0,-14.8#r:0.0,1.0,0.0,-0.2
lerp@18.21659@p:3.3,0.0,-14.8#r:0.0,1.0,0.0,-0.2
net@18.23219@p:3.3,0.0,-14.8#r:0.0,1.0,0.0,-0.2
net@18.23219@p:3.3,0.0,-14.8#r:0.0,1.0,0.0,-0.2
lerp@18.23326@p:3.3,0.0,-14.8#r:0.0,1.0,0.0,-0.2
lerp@18.24993@p:3.3,0.0,-14.8#r:0.0,1.0,0.0,-0.2
lerp@18.26659@p:3.3,0.0,-14.8#r:0.0,1.0,0.0,-0.2
lerp@18.28326@p:3.3,0.0,-14.8#r:0.0,1.0,0.0,-0.2
net@18.28429@p:3.3,0.0,-14.8#r:0.0,1.0,0.0,-0.2
lerp@18.29993@p:3.3,0.0,-14.8#r:0.0,1.0,0.0,-0.2
lerp@18.31659@p:3.3,0.0,-14.8#r:0.0,1.0,0.0,-0.2
net@18.32052@p:3.3,0.0,-14.8#r:0.0,1.0,0.0,-0.2
lerp@18.33326@p:3.3,0.0,-14.8#r:0.0,1.0,0.0,-0.2
lerp@18.34993@p:3.3,0.0,-14.8#r:0.0,1.0,0.0,-0.2
net@18.36444@p:3.3,0.0,-14.8#r:0.0,1.0,0.0,-0.2
lerp@18.36659@p:3.3,0.0,-14.8#r:0.0,1.0,0.0,-0.2
lerp@18.38326@p:3.3,0.0,-14.8#r:0.0,1.0,0.0,-0.2
lerp@18.39993@p:3.3,0.0,-14.8#r:0.0,1.0,0.0,-0.2
lerp@18.41659@p:3.3,0.0,-14.8#r:0.0,1.0,0.0,-0.2
net@18.41677@p:3.3,0.0,-14.8#r:0.0,1.0,0.0,-0.2
lerp@18.43326@p:3.3,0.0,-14.8#r:0.0,1.0,0.0,-0.2
net@18.44036@p:3.3,0.0,-14.8#r:0.0,1.0,0.0,-0.2
lerp@18.44993@p:3.3,0.0,-14.8#r:0.0,1.0,0.0,-0.2
lerp@18.46659@p:3.3,0.0,-14.8#r:0.0,1.0,0.0,-0.2
lerp@18.48326@p:3.3,0.0,-14.8#r:0.0,1.0,0.0,-0.2
net@18.48824@p:3.3,0.0,-14.8#r:0.0,1.0,0.0,-0.2
lerp@18.49993@p:3.3,0.0,-14.8#r:0.0,1.0,0.0,-0.2
lerp@18.51659@p:3.3,0.0,-14.8#r:0.0,1.0,0.0,-0.2
lerp@18.53326@p:3.3,0.0,-14.8#r:0.0,1.0,0.0,-0.2
net@18.53612@p:3.3,0.0,-14.8#r:0.0,1.0,0.0,-0.2
lerp@18.54993@p:3.3,0.0,-14.8#r:0.0,1.0,0.0,-0.2
lerp@18.56659@p:3.3,0.0,-14.8#r:0.0,1.0,0.0,-0.2
net@18.57608@p:3.3,0.0,-14.8#r:0.0,1.0,0.0,-0.2
lerp@18.58326@p:3.3,0.0,-14.8#r:0.0,1.0,0.0,-0.2
lerp@18.59993@p:3.3,0.0,-14.8#r:0.0,1.0,0.0,-0.2
net@18.6163@p:3.3,0.0,-14.8#r:0.0,1.0,0.0,-0.2
lerp@18.61659@p:3.3,0.0,-14.8#r:0.0,1.0,0.0,-0.2
lerp@18.63326@p:3.3,0.0,-14.8#r:0.0,1.0,0.0,-0.2
net@18.63607@p:3.3,0.0,-14.8#r:0.0,1.0,0.0,-0.2
lerp@18.64993@p:3.3,0.0,-14.8#r:0.0,1.0,0.0,-0.2
lerp@18.66659@p:3.3,0.0,-14.8#r:0.0,1.0,0.0,-0.2
net@18.66839@p:3.3,0.0,-14.8#r:0.0,1.0,0.0,-0.2
lerp@18.68326@p:3.3,0.0,-14.8#r:0.0,1.0,0.0,-0.2
lerp@18.69993@p:3.3,0.0,-14.8#r:0.0,1.0,0.0,-0.2
net@18.71627@p:3.3,0.0,-14.8#r:0.0,1.0,0.0,-0.2
lerp@18.71659@p:3.3,0.0,-14.8#r:0.0,1.0,0.0,-0.2
lerp@18.73326@p:3.3,0.0,-14.8#r:0.0,1.0,0.0,-0.2
lerp@18.74993@p:3.3,0.0,-14.8#r:0.0,1.0,0.0,-0.2
lerp@18.76659@p:3.3,0.0,-14.8#r:0.0,1.0,0.0,-0.2
net@18.7721@p:3.3,0.0,-14.8#r:0.0,1.0,0.0,-0.2
lerp@18.78326@p:3.3,0.0,-14.8#r:0.0,1.0,0.0,-0.2
lerp@18.79992@p:3.3,0.0,-14.8#r:0.0,1.0,0.0,-0.2
net@18.80049@p:3.4,0.0,-14.7#r:0.0,1.0,0.0,-0.2
lerp@18.81659@p:3.3,0.0,-14.7#r:0.0,1.0,0.0,-0.2
net@18.83209@p:3.6,0.0,-14.4#r:0.0,1.0,0.0,-0.3
lerp@18.83326@p:3.4,0.0,-14.6#r:0.0,1.0,0.0,-0.2
lerp@18.84993@p:3.5,0.0,-14.5#r:0.0,1.0,0.0,-0.3
lerp@18.86659@p:3.6,0.0,-14.4#r:0.0,1.0,0.0,-0.3
net@18.88009@p:3.7,0.0,-14.2#r:0.0,1.0,0.0,-0.3
lerp@18.88326@p:3.6,0.0,-14.4#r:0.0,1.0,0.0,-0.3
lerp@18.89993@p:3.6,0.0,-14.3#r:0.0,1.0,0.0,-0.3
lerp@18.91659@p:3.7,0.0,-14.2#r:0.0,1.0,0.0,-0.3
net@18.92023@p:3.9,0.0,-13.9#r:0.0,1.0,0.0,-0.3
lerp@18.93326@p:3.8,0.0,-14.1#r:0.0,1.0,0.0,-0.3
lerp@18.94992@p:3.8,0.0,-14.0#r:0.0,1.0,0.0,-0.3
lerp@18.96659@p:3.9,0.0,-13.9#r:0.0,1.0,0.0,-0.3
net@18.96818@p:4.1,0.0,-13.7#r:0.0,1.0,0.0,-0.3
lerp@18.98326@p:3.9,0.0,-13.9#r:0.0,1.0,0.0,-0.3
lerp@18.99992@p:4.0,0.0,-13.8#r:0.0,1.0,0.0,-0.3
lerp@19.01659@p:4.1,0.0,-13.7#r:0.0,1.0,0.0,-0.3
net@19.02016@p:4.2,0.0,-13.4#r:0.0,1.0,0.0,-0.3
net@19.0282@p:4.4,0.0,-13.2#r:0.0,1.0,0.0,-0.3
lerp@19.03326@p:4.3,0.0,-13.3#r:0.0,1.0,0.0,-0.3
lerp@19.04992@p:4.4,0.0,-13.2#r:0.0,1.0,0.0,-0.3
lerp@19.06659@p:4.4,0.0,-13.2#r:0.0,1.0,0.0,-0.3
net@19.08011@p:4.6,0.0,-12.9#r:0.0,1.0,0.0,-0.3
lerp@19.08326@p:4.4,0.0,-13.2#r:0.0,1.0,0.0,-0.3
lerp@19.09992@p:4.5,0.0,-13.1#r:0.0,1.0,0.0,-0.3
lerp@19.11659@p:4.5,0.0,-13.0#r:0.0,1.0,0.0,-0.3
net@19.12042@p:4.7,0.0,-12.7#r:0.0,1.0,0.0,-0.3
lerp@19.13326@p:4.6,0.0,-12.9#r:0.0,1.0,0.0,-0.3
lerp@19.14992@p:4.7,0.0,-12.8#r:0.0,1.0,0.0,-0.3
net@19.15643@p:4.9,0.0,-12.4#r:0.0,1.0,0.0,-0.3
lerp@19.16659@p:4.8,0.0,-12.6#r:0.0,1.0,0.0,-0.3
lerp@19.18326@p:4.9,0.0,-12.5#r:0.0,1.0,0.0,-0.3
net@19.18423@p:5.1,0.0,-12.2#r:0.0,1.0,0.0,-0.3
lerp@19.19992@p:5.0,0.0,-12.3#r:0.0,1.0,0.0,-0.3
lerp@19.21659@p:5.1,0.0,-12.2#r:0.0,1.0,0.0,-0.3
lerp@19.23326@p:5.1,0.0,-12.2#r:0.0,1.0,0.0,-0.3
net@19.23616@p:5.2,0.0,-12.0#r:0.0,1.0,0.0,-0.3
lerp@19.24992@p:5.1,0.0,-12.1#r:0.0,1.0,0.0,-0.3
net@19.26416@p:5.4,0.0,-11.7#r:0.0,1.0,0.0,-0.3
lerp@19.26659@p:5.2,0.0,-12.0#r:0.0,1.0,0.0,-0.3
lerp@19.28326@p:5.3,0.0,-11.8#r:0.0,1.0,0.0,-0.3
lerp@19.29992@p:5.4,0.0,-11.7#r:0.0,1.0,0.0,-0.3
lerp@19.31659@p:5.4,0.0,-11.7#r:0.0,1.0,0.0,-0.3
lerp@19.33326@p:5.4,0.0,-11.7#r:0.0,1.0,0.0,-0.3
net@19.33608@p:5.6,0.0,-11.5#r:0.0,1.0,0.0,-0.3
lerp@19.34992@p:5.4,0.0,-11.7#r:0.0,1.0,0.0,-0.3
net@19.35661@p:5.7,0.0,-11.2#r:0.0,1.0,0.0,-0.3
lerp@19.36659@p:5.6,0.0,-11.4#r:0.0,1.0,0.0,-0.3
lerp@19.38326@p:5.7,0.0,-11.2#r:0.0,1.0,0.0,-0.3
lerp@19.39992@p:5.7,0.0,-11.2#r:0.0,1.0,0.0,-0.3
net@19.41627@p:5.9,0.0,-11.0#r:0.0,1.0,0.0,-0.3
net@19.41627@p:5.9,0.0,-10.7#r:0.0,1.0,0.0,-0.3
lerp@19.41659@p:5.9,0.0,-10.7#r:0.0,1.0,0.0,-0.3
lerp@19.43326@p:5.9,0.0,-10.7#r:0.0,1.0,0.0,-0.3
lerp@19.44992@p:5.9,0.0,-10.7#r:0.0,1.0,0.0,-0.3
lerp@19.46659@p:5.9,0.0,-10.7#r:0.0,1.0,0.0,-0.3
net@19.47623@p:5.8,0.0,-10.4#r:0.0,1.0,0.0,-0.3
lerp@19.48326@p:5.9,0.0,-10.7#r:0.0,1.0,0.0,-0.3
lerp@19.49992@p:5.9,0.0,-10.6#r:0.0,1.0,0.0,-0.3
net@19.51645@p:5.6,0.0,-10.2#r:0.0,1.0,0.0,-0.2
lerp@19.51659@p:5.8,0.0,-10.4#r:0.0,1.0,0.0,-0.3
lerp@19.53326@p:5.7,0.0,-10.3#r:0.0,1.0,0.0,-0.3
net@19.54406@p:5.4,0.0,-10.0#r:0.0,1.0,0.0,-0.2
lerp@19.54992@p:5.6,0.0,-10.2#r:0.0,1.0,0.0,-0.2
lerp@19.56659@p:5.4,0.0,-10.1#r:0.0,1.0,0.0,-0.2
lerp@19.58326@p:5.4,0.0,-10.0#r:0.0,1.0,0.0,-0.2
net@19.59252@p:5.2,0.0,-9.9#r:0.0,1.0,0.0,-0.2
lerp@19.59992@p:5.3,0.0,-10.0#r:0.0,1.0,0.0,-0.2
lerp@19.61659@p:5.3,0.0,-10.0#r:0.0,1.0,0.0,-0.2
net@19.62049@p:5.1,0.0,-9.8#r:0.0,1.0,0.0,-0.2
lerp@19.63326@p:5.1,0.0,-9.9#r:0.0,1.0,0.0,-0.2
lerp@19.64992@p:5.1,0.0,-9.8#r:0.0,1.0,0.0,-0.2
lerp@19.66659@p:5.1,0.0,-9.8#r:0.0,1.0,0.0,-0.2
net@19.68044@p:5.0,0.0,-9.8#r:0.0,1.0,0.0,-0.2
lerp@19.68325@p:5.1,0.0,-9.8#r:0.0,1.0,0.0,-0.2
lerp@19.69992@p:5.1,0.0,-9.8#r:0.0,1.0,0.0,-0.2
lerp@19.71659@p:5.1,0.0,-9.8#r:0.0,1.0,0.0,-0.2
net@19.72038@p:5.0,0.0,-9.8#r:0.0,1.0,0.0,-0.2
lerp@19.73326@p:5.0,0.0,-9.8#r:0.0,1.0,0.0,-0.2
net@19.74804@p:5.0,0.0,-9.8#r:0.0,1.0,0.0,-0.2
lerp@19.74992@p:5.0,0.0,-9.8#r:0.0,1.0,0.0,-0.2
lerp@19.76659@p:5.0,0.0,-9.8#r:0.0,1.0,0.0,-0.2
lerp@19.78325@p:5.0,0.0,-9.8#r:0.0,1.0,0.0,-0.2
lerp@19.79992@p:5.0,0.0,-9.8#r:0.0,1.0,0.0,-0.2
net@19.80037@p:5.0,0.0,-9.8#r:0.0,1.0,0.0,-0.2
net@19.81239@p:5.0,0.0,-9.8#r:0.0,1.0,0.0,-0.2
lerp@19.81659@p:5.0,0.0,-9.8#r:0.0,1.0,0.0,-0.2
lerp@19.83325@p:5.0,0.0,-9.8#r:0.0,1.0,0.0,-0.2
lerp@19.84992@p:5.0,0.0,-9.8#r:0.0,1.0,0.0,-0.2
net@19.86053@p:5.0,0.0,-9.8#r:0.0,1.0,0.0,-0.2
lerp@19.86659@p:5.0,0.0,-9.8#r:0.0,1.0,0.0,-0.2
lerp@19.88326@p:5.0,0.0,-9.8#r:0.0,1.0,0.0,-0.2
lerp@19.89992@p:5.0,0.0,-9.8#r:0.0,1.0,0.0,-0.2
net@19.91259@p:5.0,0.0,-9.8#r:0.0,1.0,0.0,-0.2
lerp@19.91659@p:5.0,0.0,-9.8#r:0.0,1.0,0.0,-0.2
net@19.93232@p:4.9,0.0,-10.0#r:0.0,1.0,0.0,-0.2
lerp@19.93325@p:5.0,0.0,-9.8#r:0.0,1.0,0.0,-0.2
lerp@19.94992@p:5.0,0.0,-10.0#r:0.0,1.0,0.0,-0.2
lerp@19.96659@p:4.9,0.0,-10.0#r:0.0,1.0,0.0,-0.2
net@19.98025@p:4.8,0.0,-10.2#r:0.0,1.0,0.0,-0.2
lerp@19.98325@p:4.9,0.0,-10.0#r:0.0,1.0,0.0,-0.2
lerp@19.99992@p:4.9,0.0,-10.1#r:0.0,1.0,0.0,-0.2
net@20.01249@p:4.6,0.0,-10.5#r:0.0,1.0,0.0,-0.2
lerp@20.01659@p:4.7,0.0,-10.3#r:0.0,1.0,0.0,-0.2
lerp@20.03325@p:4.7,0.0,-10.4#r:0.0,1.0,0.0,-0.2
lerp@20.04992@p:4.6,0.0,-10.5#r:0.0,1.0,0.0,-0.2
net@20.06025@p:4.4,0.0,-10.7#r:0.0,1.0,0.0,-0.2
lerp@20.06659@p:4.6,0.0,-10.5#r:0.0,1.0,0.0,-0.2
lerp@20.08325@p:4.5,0.0,-10.6#r:0.0,1.0,0.0,-0.2
lerp@20.09992@p:4.5,0.0,-10.7#r:0.0,1.0,0.0,-0.2
net@20.10815@p:4.3,0.0,-11.0#r:0.0,1.0,0.0,-0.2
lerp@20.11659@p:4.4,0.0,-10.8#r:0.0,1.0,0.0,-0.2
lerp@20.13325@p:4.3,0.0,-10.8#r:0.0,1.0,0.0,-0.2
lerp@20.14992@p:4.3,0.0,-10.9#r:0.0,1.0,0.0,-0.2
net@20.15238@p:4.1,0.0,-11.2#r:0.0,1.0,0.0,-0.2
lerp@20.16659@p:4.2,0.0,-11.0#r:0.0,1.0,0.0,-0.2
lerp@20.18325@p:4.1,0.0,-11.1#r:0.0,1.0,0.0,-0.2
net@20.19237@p:3.9,0.0,-11.5#r:0.0,1.0,0.0,-0.2
lerp@20.19992@p:4.1,0.0,-11.3#r:0.0,1.0,0.0,-0.2
net@20.21231@p:3.7,0.0,-11.7#r:0.0,1.0,0.0,-0.2
lerp@20.21659@p:3.9,0.0,-11.5#r:0.0,1.0,0.0,-0.2
lerp@20.23325@p:3.7,0.0,-11.7#r:0.0,1.0,0.0,-0.2
lerp@20.24992@p:3.7,0.0,-11.7#r:0.0,1.0,0.0,-0.2
net@20.26427@p:3.6,0.0,-12.0#r:0.0,1.0,0.0,-0.2
lerp@20.26659@p:3.7,0.0,-11.7#r:0.0,1.0,0.0,-0.2
lerp@20.28325@p:3.7,0.0,-11.8#r:0.0,1.0,0.0,-0.2
net@20.29244@p:3.5,0.0,-12.1#r:0.0,1.0,0.0,-0.2
lerp@20.29992@p:3.5,0.0,-12.0#r:0.0,1.0,0.0,-0.2
lerp@20.31659@p:3.5,0.0,-12.1#r:0.0,1.0,0.0,-0.2
lerp@20.33325@p:3.5,0.0,-12.1#r:0.0,1.0,0.0,-0.2
net@20.34002@p:3.4,0.0,-12.2#r:0.0,1.0,0.0,-0.2
lerp@20.34992@p:3.4,0.0,-12.2#r:0.0,1.0,0.0,-0.2
lerp@20.36659@p:3.4,0.0,-12.2#r:0.0,1.0,0.0,-0.2
lerp@20.38325@p:3.4,0.0,-12.2#r:0.0,1.0,0.0,-0.2
net@20.392@p:3.4,0.0,-12.2#r:0.0,1.0,0.0,-0.2
lerp@20.39992@p:3.4,0.0,-12.2#r:0.0,1.0,0.0,-0.2
net@20.41599@p:3.4,0.0,-12.2#r:0.0,1.0,0.0,-0.2
lerp@20.41659@p:3.4,0.0,-12.2#r:0.0,1.0,0.0,-0.2
lerp@20.43325@p:3.4,0.0,-12.2#r:0.0,1.0,0.0,-0.2
net@20.44846@p:3.4,0.0,-12.2#r:0.0,1.0,0.0,-0.2
lerp@20.44992@p:3.4,0.0,-12.2#r:0.0,1.0,0.0,-0.2
lerp@20.46659@p:3.4,0.0,-12.2#r:0.0,1.0,0.0,-0.2
lerp@20.48325@p:3.4,0.0,-12.2#r:0.0,1.0,0.0,-0.2
lerp@20.49992@p:3.4,0.0,-12.2#r:0.0,1.0,0.0,-0.2
net@20.51607@p:3.6,0.0,-12.0#r:0.0,1.0,0.0,-0.2
lerp@20.51658@p:3.4,0.0,-12.2#r:0.0,1.0,0.0,-0.2
lerp@20.53325@p:3.5,0.0,-12.2#r:0.0,1.0,0.0,-0.2
lerp@20.54992@p:3.5,0.0,-12.1#r:0.0,1.0,0.0,-0.2
lerp@20.56659@p:3.5,0.0,-12.1#r:0.0,1.0,0.0,-0.2
net@20.56837@p:3.7,0.0,-11.7#r:0.0,1.0,0.0,-0.2
lerp@20.58325@p:3.6,0.0,-11.9#r:0.0,1.0,0.0,-0.2
net@20.58811@p:3.9,0.0,-11.5#r:0.0,1.0,0.0,-0.2
lerp@20.59992@p:3.8,0.0,-11.6#r:0.0,1.0,0.0,-0.2
lerp@20.61658@p:3.9,0.0,-11.5#r:0.0,1.0,0.0,-0.2
net@20.62817@p:4.1,0.0,-11.2#r:0.0,1.0,0.0,-0.2
lerp@20.63325@p:3.9,0.0,-11.5#r:0.0,1.0,0.0,-0.2
lerp@20.64992@p:4.0,0.0,-11.4#r:0.0,1.0,0.0,-0.2
net@20.65613@p:4.2,0.0,-11.0#r:0.0,1.0,0.0,-0.2
lerp@20.66658@p:4.1,0.0,-11.2#r:0.0,1.0,0.0,-0.2
lerp@20.68325@p:4.2,0.0,-11.0#r:0.0,1.0,0.0,-0.2
lerp@20.69992@p:4.2,0.0,-11.0#r:0.0,1.0,0.0,-0.2
net@20.70843@p:4.4,0.0,-10.8#r:0.0,1.0,0.0,-0.2
lerp@20.71659@p:4.3,0.0,-11.0#r:0.0,1.0,0.0,-0.2
net@20.72822@p:4.6,0.0,-10.5#r:0.0,1.0,0.0,-0.2
lerp@20.73325@p:4.5,0.0,-10.7#r:0.0,1.0,0.0,-0.2
lerp@20.74992@p:4.6,0.0,-10.5#r:0.0,1.0,0.0,-0.2
lerp@20.76658@p:4.6,0.0,-10.5#r:0.0,1.0,0.0,-0.2
net@20.76815@p:4.7,0.0,-10.3#r:0.0,1.0,0.0,-0.2
lerp@20.78325@p:4.6,0.0,-10.4#r:0.0,1.0,0.0,-0.2
lerp@20.79992@p:4.7,0.0,-10.3#r:0.0,1.0,0.0,-0.2
net@20.81618@p:4.9,0.0,-10.0#r:0.0,1.0,0.0,-0.2
lerp@20.81658@p:4.7,0.0,-10.3#r:0.0,1.0,0.0,-0.2
lerp@20.83325@p:4.8,0.0,-10.2#r:0.0,1.0,0.0,-0.2
lerp@20.84992@p:4.9,0.0,-10.1#r:0.0,1.0,0.0,-0.2
lerp@20.86658@p:4.9,0.0,-10.0#r:0.0,1.0,0.0,-0.2
net@20.87644@p:5.0,0.0,-9.9#r:0.0,1.0,0.0,-0.2
lerp@20.88325@p:4.9,0.0,-10.0#r:0.0,1.0,0.0,-0.2
lerp@20.89992@p:4.9,0.0,-10.0#r:0.0,1.0,0.0,-0.2
lerp@20.91658@p:5.0,0.0,-9.9#r:0.0,1.0,0.0,-0.2
net@20.92437@p:5.0,0.0,-9.8#r:0.0,1.0,0.0,-0.2
lerp@20.93325@p:5.0,0.0,-9.9#r:0.0,1.0,0.0,-0.2
lerp@20.94992@p:5.0,0.0,-9.8#r:0.0,1.0,0.0,-0.2
net@20.952@p:5.0,0.0,-9.8#r:0.0,1.0,0.0,-0.2
lerp@20.96658@p:5.0,0.0,-9.8#r:0.0,1.0,0.0,-0.2
lerp@20.98325@p:5.0,0.0,-9.8#r:0.0,1.0,0.0,-0.2
net@20.98456@p:5.0,0.0,-9.8#r:0.0,1.0,0.0,-0.2
lerp@20.99992@p:5.0,0.0,-9.8#r:0.0,1.0,0.0,-0.2
net@21.01213@p:5.0,0.0,-9.8#r:0.0,1.0,0.0,-0.2
lerp@21.01658@p:5.0,0.0,-9.8#r:0.0,1.0,0.0,-0.2
lerp@21.03325@p:5.0,0.0,-9.8#r:0.0,1.0,0.0,-0.2
lerp@21.04992@p:5.0,0.0,-9.8#r:0.0,1.0,0.0,-0.2
net@21.06439@p:5.0,0.0,-9.8#r:0.0,1.0,0.0,-0.2
lerp@21.06658@p:5.0,0.0,-9.8#r:0.0,1.0,0.0,-0.2
lerp@21.08325@p:5.0,0.0,-9.8#r:0.0,1.0,0.0,-0.2
net@21.09231@p:5.0,0.0,-9.8#r:0.0,1.0,0.0,-0.2
lerp@21.09992@p:5.0,0.0,-9.8#r:0.0,1.0,0.0,-0.2
lerp@21.11658@p:5.0,0.0,-9.8#r:0.0,1.0,0.0,-0.2
lerp@21.13325@p:5.0,0.0,-9.8#r:0.0,1.0,0.0,-0.2
net@21.14016@p:5.0,0.0,-9.8#r:0.0,1.0,0.0,-0.2
lerp@21.14992@p:5.0,0.0,-9.8#r:0.0,1.0,0.0,-0.2
net@21.16424@p:5.2,0.0,-9.9#r:0.0,1.0,0.0,-0.2
lerp@21.16658@p:5.1,0.0,-9.8#r:0.0,1.0,0.0,-0.2
lerp@21.18325@p:5.2,0.0,-9.9#r:0.0,1.0,0.0,-0.2
lerp@21.19991@p:5.2,0.0,-9.9#r:0.0,1.0,0.0,-0.2
net@21.21637@p:5.4,0.0,-10.1#r:0.0,1.0,0.0,-0.2
lerp@21.21658@p:5.2,0.0,-9.9#r:0.0,1.0,0.0,-0.2
lerp@21.23325@p:5.3,0.0,-10.0#r:0.0,1.0,0.0,-0.2
lerp@21.24992@p:5.4,0.0,-10.0#r:0.0,1.0,0.0,-0.2
net@21.26402@p:5.6,0.0,-10.3#r:0.0,1.0,0.0,-0.2
lerp@21.26658@p:5.5,0.0,-10.1#r:0.0,1.0,0.0,-0.2
lerp@21.28325@p:5.5,0.0,-10.2#r:0.0,1.0,0.0,-0.2
lerp@21.29992@p:5.6,0.0,-10.2#r:0.0,1.0,0.0,-0.2
net@21.31618@p:5.7,0.0,-10.5#r:0.0,1.0,0.0,-0.2
lerp@21.31658@p:5.6,0.0,-10.3#r:0.0,1.0,0.0,-0.2
lerp@21.33325@p:5.6,0.0,-10.4#r:0.0,1.0,0.0,-0.2
net@21.33617@p:5.8,0.0,-10.8#r:0.0,1.0,0.0,-0.3
lerp@21.34991@p:5.7,0.0,-10.7#r:0.0,1.0,0.0,-0.3
lerp@21.36658@p:5.8,0.0,-10.8#r:0.0,1.0,0.0,-0.3
net@21.37635@p:5.7,0.0,-11.1#r:0.0,1.0,0.0,-0.3
lerp@21.38325@p:5.7,0.0,-10.9#r:0.0,1.0,0.0,-0.3
lerp@21.39992@p:5.7,0.0,-11.0#r:0.0,1.0,0.0,-0.3
net@21.40403@p:5.5,0.0,-11.4#r:0.0,1.0,0.0,-0.3
lerp@21.41658@p:5.6,0.0,-11.3#r:0.0,1.0,0.0,-0.3
lerp@21.43325@p:5.5,0.0,-11.4#r:0.0,1.0,0.0,-0.3
lerp@21.44991@p:5.5,0.0,-11.4#r:0.0,1.0,0.0,-0.3
lerp@21.46658@p:5.5,0.0,-11.4#r:0.0,1.0,0.0,-0.3
lerp@21.48325@p:5.5,0.0,-11.4#r:0.0,1.0,0.0,-0.3
lerp@21.49991@p:5.5,0.0,-11.4#r:0.0,1.0,0.0,-0.3
net@21.50024@p:5.2,0.0,-11.9#r:0.0,1.0,0.0,-0.3
lerp@21.51658@p:5.5,0.0,-11.5#r:0.0,1.0,0.0,-0.3
net@21.53202@p:5.0,0.0,-12.1#r:0.0,1.0,0.0,-0.3
lerp@21.53325@p:5.2,0.0,-11.9#r:0.0,1.0,0.0,-0.3
lerp@21.54992@p:5.1,0.0,-12.0#r:0.0,1.0,0.0,-0.3
net@21.56021@p:4.8,0.0,-12.3#r:0.0,1.0,0.0,-0.3
lerp@21.56658@p:5.0,0.0,-12.2#r:0.0,1.0,0.0,-0.3
lerp@21.58325@p:4.9,0.0,-12.3#r:0.0,1.0,0.0,-0.3
lerp@21.59991@p:4.8,0.0,-12.3#r:0.0,1.0,0.0,-0.3
net@21.61271@p:4.7,0.0,-12.4#r:0.0,1.0,0.0,-0.3
lerp@21.61658@p:4.8,0.0,-12.3#r:0.0,1.0,0.0,-0.3
lerp@21.63325@p:4.8,0.0,-12.4#r:0.0,1.0,0.0,-0.3
lerp@21.64991@p:4.7,0.0,-12.4#r:0.0,1.0,0.0,-0.3
net@21.65224@p:4.4,0.0,-12.5#r:0.0,1.0,0.0,-0.2
lerp@21.66658@p:4.6,0.0,-12.4#r:0.0,1.0,0.0,-0.3
lerp@21.68325@p:4.4,0.0,-12.4#r:0.0,1.0,0.0,-0.2
lerp@21.69991@p:4.4,0.0,-12.5#r:0.0,1.0,0.0,-0.2
net@21.70022@p:4.1,0.0,-12.5#r:0.0,1.0,0.0,-0.2
lerp@21.71658@p:4.3,0.0,-12.5#r:0.0,1.0,0.0,-0.2
lerp@21.73325@p:4.2,0.0,-12.5#r:0.0,1.0,0.0,-0.2
lerp@21.74991@p:4.1,0.0,-12.5#r:0.0,1.0,0.0,-0.2
net@21.75213@p:3.9,0.0,-12.5#r:0.0,1.0,0.0,-0.2
net@21.76031@p:3.6,0.0,-12.6#r:0.0,1.0,0.0,-0.2
lerp@21.76658@p:3.7,0.0,-12.6#r:0.0,1.0,0.0,-0.2
lerp@21.78325@p:3.6,0.0,-12.6#r:0.0,1.0,0.0,-0.2
net@21.78802@p:3.3,0.0,-12.6#r:0.0,1.0,0.0,-0.2
lerp@21.79991@p:3.5,0.0,-12.6#r:0.0,1.0,0.0,-0.2
lerp@21.81658@p:3.3,0.0,-12.6#r:0.0,1.0,0.0,-0.2
lerp@21.83325@p:3.3,0.0,-12.6#r:0.0,1.0,0.0,-0.2
net@21.84016@p:3.1,0.0,-12.7#r:0.0,1.0,0.0,-0.2
lerp@21.84991@p:3.3,0.0,-12.7#r:0.0,1.0,0.0,-0.2
lerp@21.86658@p:3.2,0.0,-12.7#r:0.0,1.0,0.0,-0.2
lerp@21.88325@p:3.1,0.0,-12.7#r:0.0,1.0,0.0,-0.2
net@21.8921@p:2.8,0.0,-12.9#r:0.0,1.0,0.0,-0.2
lerp@21.89991@p:3.0,0.0,-12.7#r:0.0,1.0,0.0,-0.2
net@21.91229@p:2.6,0.0,-13.1#r:0.0,1.0,0.0,-0.2
lerp@21.91658@p:2.8,0.0,-12.9#r:0.0,1.0,0.0,-0.2
lerp@21.93325@p:2.6,0.0,-13.1#r:0.0,1.0,0.0,-0.2
lerp@21.94991@p:2.6,0.0,-13.1#r:0.0,1.0,0.0,-0.2
lerp@21.96658@p:2.6,0.0,-13.1#r:0.0,1.0,0.0,-0.2
net@21.97244@p:2.6,0.0,-13.2#r:0.0,1.0,0.0,-0.2
lerp@21.98325@p:2.6,0.0,-13.1#r:0.0,1.0,0.0,-0.2
lerp@21.99991@p:2.6,0.0,-13.1#r:0.0,1.0,0.0,-0.2
net@22.01199@p:2.5,0.0,-13.2#r:0.0,1.0,0.0,-0.2
lerp@22.01658@p:2.6,0.0,-13.2#r:0.0,1.0,0.0,-0.2
lerp@22.03325@p:2.5,0.0,-13.2#r:0.0,1.0,0.0,-0.2
lerp@22.04991@p:2.5,0.0,-13.2#r:0.0,1.0,0.0,-0.2
net@22.0521@p:2.5,0.0,-13.2#r:0.0,1.0,0.0,-0.2
lerp@22.06658@p:2.5,0.0,-13.2#r:0.0,1.0,0.0,-0.2
lerp@22.08325@p:2.5,0.0,-13.2#r:0.0,1.0,0.0,-0.2
net@22.08819@p:2.5,0.0,-13.2#r:0.0,1.0,0.0,-0.2
lerp@22.09991@p:2.5,0.0,-13.2#r:0.0,1.0,0.0,-0.2
lerp@22.11658@p:2.5,0.0,-13.2#r:0.0,1.0,0.0,-0.2
net@22.13202@p:2.5,0.0,-13.2#r:0.0,1.0,0.0,-0.2
lerp@22.13325@p:2.5,0.0,-13.2#r:0.0,1.0,0.0,-0.2
lerp@22.14991@p:2.5,0.0,-13.2#r:0.0,1.0,0.0,-0.2
lerp@22.16658@p:2.5,0.0,-13.2#r:0.0,1.0,0.0,-0.2
net@22.16838@p:2.5,0.0,-13.2#r:0.0,1.0,0.0,-0.2
lerp@22.18324@p:2.5,0.0,-13.2#r:0.0,1.0,0.0,-0.2
lerp@22.19991@p:2.5,0.0,-13.2#r:0.0,1.0,0.0,-0.2
net@22.21617@p:2.5,0.0,-13.2#r:0.0,1.0,0.0,-0.2
lerp@22.21658@p:2.5,0.0,-13.2#r:0.0,1.0,0.0,-0.2
lerp@22.23325@p:2.5,0.0,-13.2#r:0.0,1.0,0.0,-0.2
net@22.24821@p:2.5,0.0,-13.2#r:0.0,1.0,0.0,-0.2
lerp@22.24991@p:2.5,0.0,-13.2#r:0.0,1.0,0.0,-0.2
lerp@22.26658@p:2.5,0.0,-13.2#r:0.0,1.0,0.0,-0.2
lerp@22.28325@p:2.5,0.0,-13.2#r:0.0,1.0,0.0,-0.2
net@22.28829@p:2.5,0.0,-13.2#r:0.0,1.0,0.0,-0.2
lerp@22.29991@p:2.5,0.0,-13.2#r:0.0,1.0,0.0,-0.2
lerp@22.31658@p:2.5,0.0,-13.2#r:0.0,1.0,0.0,-0.2
net@22.32833@p:2.3,0.0,-13.5#r:0.0,1.0,0.0,-0.2
lerp@22.33324@p:2.5,0.0,-13.3#r:0.0,1.0,0.0,-0.2
lerp@22.34991@p:2.4,0.0,-13.4#r:0.0,1.0,0.0,-0.2
lerp@22.36658@p:2.3,0.0,-13.5#r:0.0,1.0,0.0,-0.2
net@22.36805@p:2.2,0.0,-13.7#r:0.0,1.0,0.0,-0.2
lerp@22.38324@p:2.3,0.0,-13.6#r:0.0,1.0,0.0,-0.2
lerp@22.39991@p:2.2,0.0,-13.7#r:0.0,1.0,0.0,-0.2
lerp@22.41658@p:2.2,0.0,-13.7#r:0.0,1.0,0.0,-0.2
lerp@22.43324@p:2.2,0.0,-13.7#r:0.0,1.0,0.0,-0.2
net@22.4363@p:2.0,0.0,-14.0#r:0.0,1.0,0.0,-0.1
lerp@22.44991@p:2.1,0.0,-13.8#r:0.0,1.0,0.0,-0.2
net@22.46395@p:1.8,0.0,-14.2#r:0.0,1.0,0.0,-0.1
lerp@22.46658@p:2.0,0.0,-14.0#r:0.0,1.0,0.0,-0.1
lerp@22.48324@p:1.9,0.0,-14.1#r:0.0,1.0,0.0,-0.1
net@22.49638@p:1.7,0.0,-14.5#r:0.0,1.0,0.0,-0.1
lerp@22.49991@p:1.8,0.0,-14.2#r:0.0,1.0,0.0,-0.1
lerp@22.51658@p:1.7,0.0,-14.4#r:0.0,1.0,0.0,-0.1
lerp@22.53324@p:1.7,0.0,-14.5#r:0.0,1.0,0.0,-0.1
net@22.53631@p:1.5,0.0,-14.7#r:0.0,1.0,0.0,-0.1
lerp@22.54991@p:1.6,0.0,-14.5#r:0.0,1.0,0.0,-0.1
lerp@22.56658@p:1.5,0.0,-14.7#r:0.0,1.0,0.0,-0.1
net@22.5763@p:1.3,0.0,-15.0#r:0.0,1.0,0.0,-0.1
lerp@22.58324@p:1.5,0.0,-14.8#r:0.0,1.0,0.0,-0.1
lerp@22.59991@p:1.4,0.0,-14.9#r:0.0,1.0,0.0,-0.1
net@22.60412@p:1.2,0.0,-15.2#r:0.0,1.0,0.0,-0.1
lerp@22.61658@p:1.3,0.0,-15.1#r:0.0,1.0,0.0,-0.1
lerp@22.63324@p:1.2,0.0,-15.2#r:0.0,1.0,0.0,-0.1
lerp@22.64991@p:1.2,0.0,-15.2#r:0.0,1.0,0.0,-0.1
net@22.65615@p:1.0,0.0,-15.5#r:0.0,1.0,0.0,-0.1
lerp@22.66658@p:1.1,0.0,-15.3#r:0.0,1.0,0.0,-0.1
net@22.6762@p:0.8,0.0,-15.7#r:0.0,1.0,0.0,-0.1
lerp@22.68324@p:0.9,0.0,-15.5#r:0.0,1.0,0.0,-0.1
lerp@22.69991@p:0.8,0.0,-15.7#r:0.0,1.0,0.0,-0.1
lerp@22.71658@p:0.8,0.0,-15.7#r:0.0,1.0,0.0,-0.1
net@22.72427@p:0.7,0.0,-16.0#r:0.0,1.0,0.0,-0.1
lerp@22.73324@p:0.8,0.0,-15.7#r:0.0,1.0,0.0,-0.1
lerp@22.74991@p:0.7,0.0,-15.8#r:0.0,1.0,0.0,-0.1
net@22.75632@p:0.5,0.0,-16.2#r:0.0,1.0,0.0,-0.1
lerp@22.76658@p:0.6,0.0,-16.0#r:0.0,1.0,0.0,-0.1
lerp@22.78324@p:0.5,0.0,-16.1#r:0.0,1.0,0.0,-0.1
lerp@22.79991@p:0.5,0.0,-16.2#r:0.0,1.0,0.0,-0.1
lerp@22.81658@p:0.5,0.0,-16.2#r:0.0,1.0,0.0,-0.1
net@22.8201@p:0.3,0.0,-16.4#r:0.0,1.0,0.0,-0.1
lerp@22.83324@p:0.5,0.0,-16.2#r:0.0,1.0,0.0,-0.1
net@22.848@p:0.2,0.0,-16.6#r:0.0,1.0,0.0,0.0
lerp@22.84991@p:0.3,0.0,-16.4#r:0.0,1.0,0.0,-0.1
lerp@22.86658@p:0.3,0.0,-16.5#r:0.0,1.0,0.0,0.0
net@22.8801@p:0.2,0.0,-16.6#r:0.0,1.0,0.0,0.0
lerp@22.88324@p:0.2,0.0,-16.6#r:0.0,1.0,0.0,0.0
lerp@22.89991@p:0.2,0.0,-16.6#r:0.0,1.0,0.0,0.0
lerp@22.91658@p:0.2,0.0,-16.6#r:0.0,1.0,0.0,0.0
net@22.92043@p:0.2,0.0,-16.6#r:0.0,1.0,0.0,0.0
lerp@22.93324@p:0.2,0.0,-16.6#r:0.0,1.0,0.0,0.0
lerp@22.94991@p:0.2,0.0,-16.6#r:0.0,1.0,0.0,0.0
net@22.96028@p:0.2,0.0,-16.6#r:0.0,1.0,0.0,0.0
lerp@22.96658@p:0.2,0.0,-16.6#r:0.0,1.0,0.0,0.0
lerp@22.98324@p:0.2,0.0,-16.6#r:0.0,1.0,0.0,0.0
lerp@22.99991@p:0.2,0.0,-16.6#r:0.0,1.0,0.0,0.0
net@23.00054@p:0.2,0.0,-16.6#r:0.0,1.0,0.0,0.0
lerp@23.01657@p:0.2,0.0,-16.6#r:0.0,1.0,0.0,0.0
net@23.0202@p:0.2,0.0,-16.6#r:0.0,1.0,0.0,0.0
lerp@23.03324@p:0.2,0.0,-16.6#r:0.0,1.0,0.0,0.0
lerp@23.04991@p:0.2,0.0,-16.6#r:0.0,1.0,0.0,0.0
lerp@23.06658@p:0.2,0.0,-16.6#r:0.0,1.0,0.0,0.0
net@23.06837@p:0.2,0.0,-16.6#r:0.0,1.0,0.0,0.0
lerp@23.08324@p:0.2,0.0,-16.6#r:0.0,1.0,0.0,0.0
lerp@23.09991@p:0.2,0.0,-16.6#r:0.0,1.0,0.0,0.0
net@23.10112@p:0.2,0.0,-16.6#r:0.0,1.0,0.0,0.0
lerp@23.11658@p:0.2,0.0,-16.6#r:0.0,1.0,0.0,0.0
lerp@23.13324@p:0.2,0.0,-16.6#r:0.0,1.0,0.0,0.0
net@23.14827@p:0.2,0.0,-16.6#r:0.0,1.0,0.0,0.0
lerp@23.14991@p:0.2,0.0,-16.6#r:0.0,1.0,0.0,0.0
lerp@23.16657@p:0.2,0.0,-16.6#r:0.0,1.0,0.0,0.0
lerp@23.18324@p:0.2,0.0,-16.6#r:0.0,1.0,0.0,0.0
lerp@23.19991@p:0.2,0.0,-16.6#r:0.0,1.0,0.0,0.0
net@23.21595@p:0.2,0.0,-16.6#r:0.0,1.0,0.0,0.0
lerp@23.21657@p:0.2,0.0,-16.6#r:0.0,1.0,0.0,0.0
lerp@23.23324@p:0.2,0.0,-16.6#r:0.0,1.0,0.0,0.0
net@23.24819@p:0.2,0.0,-16.6#r:0.0,1.0,0.0,0.0
lerp@23.24991@p:0.2,0.0,-16.6#r:0.0,1.0,0.0,0.0
lerp@23.26657@p:0.2,0.0,-16.6#r:0.0,1.0,0.0,0.0
net@23.27609@p:0.2,0.0,-16.6#r:0.0,1.0,0.0,0.0
lerp@23.28324@p:0.2,0.0,-16.6#r:0.0,1.0,0.0,0.0
lerp@23.29991@p:0.2,0.0,-16.6#r:0.0,1.0,0.0,0.0
net@23.3082@p:0.2,0.0,-16.6#r:0.0,1.0,0.0,0.0
lerp@23.31657@p:0.2,0.0,-16.6#r:0.0,1.0,0.0,0.0
lerp@23.33324@p:0.2,0.0,-16.6#r:0.0,1.0,0.0,0.0
lerp@23.34991@p:0.2,0.0,-16.6#r:0.0,1.0,0.0,0.0
net@23.35615@p:0.4,0.0,-16.8#r:0.0,1.0,0.0,-0.1
lerp@23.36657@p:0.2,0.0,-16.6#r:0.0,1.0,0.0,0.0
lerp@23.38324@p:0.3,0.0,-16.7#r:0.0,1.0,0.0,0.0
net@23.38873@p:0.7,0.0,-16.9#r:0.0,1.0,0.0,-0.1
lerp@23.39991@p:0.5,0.0,-16.8#r:0.0,1.0,0.0,-0.1
lerp@23.41657@p:0.6,0.0,-16.9#r:0.0,1.0,0.0,-0.1
lerp@23.43324@p:0.7,0.0,-16.9#r:0.0,1.0,0.0,-0.1
net@23.43667@p:0.9,0.0,-17.1#r:0.0,1.0,0.0,-0.1
lerp@23.44991@p:0.7,0.0,-17.0#r:0.0,1.0,0.0,-0.1
net@23.45605@p:1.1,0.0,-17.2#r:0.0,1.0,0.0,-0.1
lerp@23.46657@p:1.0,0.0,-17.2#r:0.0,1.0,0.0,-0.1
lerp@23.48324@p:1.1,0.0,-17.2#r:0.0,1.0,0.0,-0.1
lerp@23.49991@p:1.1,0.0,-17.2#r:0.0,1.0,0.0,-0.1
net@23.50822@p:1.2,0.0,-17.3#r:0.0,1.0,0.0,-0.2
lerp@23.51657@p:1.1,0.0,-17.2#r:0.0,1.0,0.0,-0.1
lerp@23.53324@p:1.1,0.0,-17.2#r:0.0,1.0,0.0,-0.2
net@23.53606@p:1.2,0.0,-17.3#r:0.0,1.0,0.0,-0.2
lerp@23.54991@p:1.2,0.0,-17.3#r:0.0,1.0,0.0,-0.2
lerp@23.56657@p:1.2,0.0,-17.3#r:0.0,1.0,0.0,-0.2
lerp@23.58324@p:1.2,0.0,-17.3#r:0.0,1.0,0.0,-0.2
lerp@23.59991@p:1.2,0.0,-17.3#r:0.0,1.0,0.0,-0.2
net@23.60814@p:1.2,0.0,-17.3#r:0.0,1.0,0.0,-0.2
lerp@23.61657@p:1.2,0.0,-17.3#r:0.0,1.0,0.0,-0.2
lerp@23.63324@p:1.2,0.0,-17.3#r:0.0,1.0,0.0,-0.2
net@23.64838@p:1.2,0.0,-17.3#r:0.0,1.0,0.0,-0.2
lerp@23.64991@p:1.2,0.0,-17.3#r:0.0,1.0,0.0,-0.2
lerp@23.66657@p:1.2,0.0,-17.3#r:0.0,1.0,0.0,-0.2
net@23.67587@p:1.2,0.0,-17.3#r:0.0,1.0,0.0,-0.2
lerp@23.68324@p:1.2,0.0,-17.3#r:0.0,1.0,0.0,-0.2
lerp@23.69991@p:1.2,0.0,-17.3#r:0.0,1.0,0.0,-0.2
net@23.71622@p:1.2,0.0,-17.3#r:0.0,1.0,0.0,-0.2
lerp@23.71657@p:1.2,0.0,-17.3#r:0.0,1.0,0.0,-0.2
lerp@23.73324@p:1.2,0.0,-17.3#r:0.0,1.0,0.0,-0.2
net@23.74019@p:1.2,0.0,-17.3#r:0.0,1.0,0.0,-0.2
lerp@23.74991@p:1.2,0.0,-17.3#r:0.0,1.0,0.0,-0.2
lerp@23.76657@p:1.2,0.0,-17.3#r:0.0,1.0,0.0,-0.2
lerp@23.78324@p:1.2,0.0,-17.3#r:0.0,1.0,0.0,-0.2
net@23.79213@p:1.2,0.0,-17.3#r:0.0,1.0,0.0,-0.2
lerp@23.79991@p:1.2,0.0,-17.3#r:0.0,1.0,0.0,-0.2
net@23.81628@p:1.2,0.0,-17.3#r:0.0,1.0,0.0,-0.2
lerp@23.81657@p:1.2,0.0,-17.3#r:0.0,1.0,0.0,-0.2
lerp@23.83324@p:1.2,0.0,-17.3#r:0.0,1.0,0.0,-0.2
lerp@23.84991@p:1.2,0.0,-17.3#r:0.0,1.0,0.0,-0.2
lerp@23.86657@p:1.2,0.0,-17.3#r:0.0,1.0,0.0,-0.2
net@23.87205@p:1.2,0.0,-17.3#r:0.0,1.0,0.0,-0.2
lerp@23.88324@p:1.2,0.0,-17.3#r:0.0,1.0,0.0,-0.2
lerp@23.8999@p:1.2,0.0,-17.3#r:0.0,1.0,0.0,-0.2
net@23.90407@p:1.2,0.0,-17.3#r:0.0,1.0,0.0,-0.2
lerp@23.91657@p:1.2,0.0,-17.3#r:0.0,1.0,0.0,-0.2
lerp@23.93324@p:1.2,0.0,-17.3#r:0.0,1.0,0.0,-0.2
net@23.94428@p:1.2,0.0,-17.3#r:0.0,1.0,0.0,-0.2
lerp@23.94991@p:1.2,0.0,-17.3#r:0.0,1.0,0.0,-0.2
lerp@23.96657@p:1.2,0.0,-17.3#r:0.0,1.0,0.0,-0.2
lerp@23.98324@p:1.2,0.0,-17.3#r:0.0,1.0,0.0,-0.2
net@23.992@p:1.2,0.0,-17.3#r:0.0,1.0,0.0,-0.2
lerp@23.9999@p:1.2,0.0,-17.3#r:0.0,1.0,0.0,-0.2
lerp@24.01657@p:1.2,0.0,-17.3#r:0.0,1.0,0.0,-0.2
lerp@24.03324@p:1.2,0.0,-17.3#r:0.0,1.0,0.0,-0.2
net@24.04433@p:1.2,0.0,-17.3#r:0.0,1.0,0.0,-0.2
lerp@24.0499@p:1.2,0.0,-17.3#r:0.0,1.0,0.0,-0.2
lerp@24.06657@p:1.2,0.0,-17.3#r:0.0,1.0,0.0,-0.2
lerp@24.08324@p:1.2,0.0,-17.3#r:0.0,1.0,0.0,-0.2
net@24.09213@p:1.2,0.0,-17.3#r:0.0,1.0,0.0,-0.2
lerp@24.09991@p:1.2,0.0,-17.3#r:0.0,1.0,0.0,-0.2
net@24.10438@p:1.2,0.0,-17.3#r:0.0,1.0,0.0,-0.2
lerp@24.11657@p:1.2,0.0,-17.3#r:0.0,1.0,0.0,-0.2
lerp@24.13324@p:1.2,0.0,-17.3#r:0.0,1.0,0.0,-0.2
net@24.14835@p:1.2,0.0,-17.3#r:0.0,1.0,0.0,-0.2
lerp@24.1499@p:1.2,0.0,-17.3#r:0.0,1.0,0.0,-0.2
lerp@24.16657@p:1.2,0.0,-17.3#r:0.0,1.0,0.0,-0.2
lerp@24.18324@p:1.2,0.0,-17.3#r:0.0,1.0,0.0,-0.2
net@24.19677@p:1.2,0.0,-17.3#r:0.0,1.0,0.0,-0.2
lerp@24.1999@p:1.2,0.0,-17.3#r:0.0,1.0,0.0,-0.2
lerp@24.21657@p:1.2,0.0,-17.3#r:0.0,1.0,0.0,-0.2
net@24.22421@p:1.1,0.0,-17.2#r:0.0,1.0,0.0,-0.2
lerp@24.23324@p:1.1,0.0,-17.2#r:0.0,1.0,0.0,-0.2
lerp@24.2499@p:1.1,0.0,-17.2#r:0.0,1.0,0.0,-0.2
net@24.25191@p:0.9,0.0,-17.1#r:0.0,1.0,0.0,-0.1
lerp@24.26657@p:1.0,0.0,-17.1#r:0.0,1.0,0.0,-0.1
lerp@24.28324@p:0.9,0.0,-17.1#r:0.0,1.0,0.0,-0.1
lerp@24.2999@p:0.9,0.0,-17.1#r:0.0,1.0,0.0,-0.1
net@24.30419@p:0.6,0.0,-16.9#r:0.0,1.0,0.0,-0.1
lerp@24.31657@p:0.8,0.0,-17.0#r:0.0,1.0,0.0,-0.1
lerp@24.33324@p:0.7,0.0,-17.0#r:0.0,1.0,0.0,-0.1
net@24.34411@p:0.5,0.0,-16.8#r:0.0,1.0,0.0,-0.1
lerp@24.3499@p:0.6,0.0,-16.9#r:0.0,1.0,0.0,-0.1
lerp@24.36657@p:0.5,0.0,-16.8#r:0.0,1.0,0.0,-0.1
lerp@24.38324@p:0.5,0.0,-16.8#r:0.0,1.0,0.0,-0.1
net@24.39221@p:0.4,0.0,-16.8#r:0.0,1.0,0.0,-0.1
lerp@24.3999@p:0.4,0.0,-16.8#r:0.0,1.0,0.0,-0.1
lerp@24.41657@p:0.4,0.0,-16.8#r:0.0,1.0,0.0,-0.1
lerp@24.43324@p:0.4,0.0,-16.8#r:0.0,1.0,0.0,-0.1
net@24.44431@p:0.4,0.0,-16.8#r:0.0,1.0,0.0,-0.1
lerp@24.4499@p:0.4,0.0,-16.8#r:0.0,1.0,0.0,-0.1
lerp@24.46657@p:0.4,0.0,-16.8#r:0.0,1.0,0.0,-0.1
net@24.47219@p:0.4,0.0,-16.8#r:0.0,1.0,0.0,-0.1
lerp@24.48324@p:0.4,0.0,-16.8#r:0.0,1.0,0.0,-0.1
lerp@24.4999@p:0.4,0.0,-16.8#r:0.0,1.0,0.0,-0.1
net@24.50444@p:0.4,0.0,-16.8#r:0.0,1.0,0.0,-0.1
lerp@24.51657@p:0.4,0.0,-16.8#r:0.0,1.0,0.0,-0.1
lerp@24.53324@p:0.4,0.0,-16.8#r:0.0,1.0,0.0,-0.1
net@24.54415@p:0.4,0.0,-16.8#r:0.0,1.0,0.0,-0.1
lerp@24.5499@p:0.4,0.0,-16.8#r:0.0,1.0,0.0,-0.1
lerp@24.56657@p:0.4,0.0,-16.8#r:0.0,1.0,0.0,-0.1
lerp@24.58323@p:0.4,0.0,-16.8#r:0.0,1.0,0.0,-0.1
net@24.59197@p:0.4,0.0,-16.8#r:0.0,1.0,0.0,-0.1
lerp@24.5999@p:0.4,0.0,-16.8#r:0.0,1.0,0.0,-0.1
net@24.61215@p:0.4,0.0,-16.8#r:0.0,1.0,0.0,-0.1
lerp@24.61657@p:0.4,0.0,-16.8#r:0.0,1.0,0.0,-0.1
lerp@24.63324@p:0.4,0.0,-16.8#r:0.0,1.0,0.0,-0.1
lerp@24.6499@p:0.4,0.0,-16.8#r:0.0,1.0,0.0,-0.1
lerp@24.66657@p:0.4,0.0,-16.8#r:0.0,1.0,0.0,-0.1
net@24.66809@p:0.4,0.0,-16.8#r:0.0,1.0,0.0,-0.1
lerp@24.68324@p:0.4,0.0,-16.8#r:0.0,1.0,0.0,-0.1
net@24.69609@p:0.4,0.0,-16.8#r:0.0,1.0,0.0,-0.1
lerp@24.6999@p:0.4,0.0,-16.8#r:0.0,1.0,0.0,-0.1
lerp@24.71657@p:0.4,0.0,-16.8#r:0.0,1.0,0.0,-0.1
lerp@24.73323@p:0.4,0.0,-16.8#r:0.0,1.0,0.0,-0.1
net@24.74821@p:0.4,0.0,-16.8#r:0.0,1.0,0.0,-0.1
lerp@24.7499@p:0.4,0.0,-16.8#r:0.0,1.0,0.0,-0.1
lerp@24.76657@p:0.4,0.0,-16.8#r:0.0,1.0,0.0,-0.1
lerp@24.78324@p:0.4,0.0,-16.8#r:0.0,1.0,0.0,-0.1
net@24.78832@p:0.4,0.0,-16.8#r:0.0,1.0,0.0,-0.1
lerp@24.7999@p:0.4,0.0,-16.8#r:0.0,1.0,0.0,-0.1
lerp@24.81657@p:0.4,0.0,-16.8#r:0.0,1.0,0.0,-0.1
net@24.83195@p:0.4,0.0,-16.8#r:0.0,1.0,0.0,-0.1
lerp@24.83323@p:0.4,0.0,-16.8#r:0.0,1.0,0.0,-0.1
lerp@24.8499@p:0.4,0.0,-16.8#r:0.0,1.0,0.0,-0.1
net@24.86421@p:0.4,0.0,-16.8#r:0.0,1.0,0.0,-0.1
lerp@24.86657@p:0.4,0.0,-16.8#r:0.0,1.0,0.0,-0.1
lerp@24.88323@p:0.4,0.0,-16.8#r:0.0,1.0,0.0,-0.1
lerp@24.8999@p:0.4,0.0,-16.8#r:0.0,1.0,0.0,-0.1
net@24.90422@p:0.4,0.0,-16.8#r:0.0,1.0,0.0,-0.1
lerp@24.91657@p:0.4,0.0,-16.8#r:0.0,1.0,0.0,-0.1
net@24.92417@p:0.4,0.0,-16.8#r:0.0,1.0,0.0,-0.1
lerp@24.93324@p:0.4,0.0,-16.8#r:0.0,1.0,0.0,-0.1
lerp@24.9499@p:0.4,0.0,-16.8#r:0.0,1.0,0.0,-0.1
lerp@24.96657@p:0.4,0.0,-16.8#r:0.0,1.0,0.0,-0.1
net@24.97203@p:0.4,0.0,-16.8#r:0.0,1.0,0.0,-0.1
lerp@24.98323@p:0.4,0.0,-16.8#r:0.0,1.0,0.0,-0.1
lerp@24.9999@p:0.4,0.0,-16.8#r:0.0,1.0,0.0,-0.1
net@25.00411@p:0.5,0.0,-16.8#r:0.0,1.0,0.0,-0.1
lerp@25.01657@p:0.5,0.0,-16.8#r:0.0,1.0,0.0,-0.1
lerp@25.03323@p:0.5,0.0,-16.8#r:0.0,1.0,0.0,-0.1
lerp@25.0499@p:0.5,0.0,-16.8#r:0.0,1.0,0.0,-0.1
net@25.05208@p:0.8,0.0,-17.0#r:0.0,1.0,0.0,-0.1
lerp@25.06657@p:0.6,0.0,-16.9#r:0.0,1.0,0.0,-0.1
lerp@25.08323@p:0.7,0.0,-16.9#r:0.0,1.0,0.0,-0.1
net@25.09232@p:0.9,0.0,-17.1#r:0.0,1.0,0.0,-0.1
lerp@25.0999@p:0.8,0.0,-17.0#r:0.0,1.0,0.0,-0.1
lerp@25.11657@p:0.9,0.0,-17.1#r:0.0,1.0,0.0,-0.1
net@25.12973@p:1.0,0.0,-17.2#r:0.0,1.0,0.0,-0.1
lerp@25.13323@p:1.0,0.0,-17.1#r:0.0,1.0,0.0,-0.1
lerp@25.1499@p:1.0,0.0,-17.2#r:0.0,1.0,0.0,-0.1
lerp@25.16657@p:1.0,0.0,-17.2#r:0.0,1.0,0.0,-0.1
lerp@25.18323@p:1.0,0.0,-17.2#r:0.0,1.0,0.0,-0.1
net@25.1923@p:1.1,0.0,-17.2#r:0.0,1.0,0.0,-0.2
lerp@25.1999@p:1.0,0.0,-17.2#r:0.0,1.0,0.0,-0.1
lerp@25.21657@p:1.0,0.0,-17.2#r:0.0,1.0,0.0,-0.1
net@25.22442@p:1.1,0.0,-17.2#r:0.0,1.0,0.0,-0.2
lerp@25.23323@p:1.1,0.0,-17.2#r:0.0,1.0,0.0,-0.2
lerp@25.2499@p:1.1,0.0,-17.2#r:0.0,1.0,0.0,-0.2
net@25.26003@p:1.1,0.0,-17.2#r:0.0,1.0,0.0,-0.2
lerp@25.26657@p:1.1,0.0,-17.2#r:0.0,1.0,0.0,-0.2
lerp@25.28323@p:1.1,0.0,-17.2#r:0.0,1.0,0.0,-0.2
net@25.29221@p:1.1,0.0,-17.2#r:0.0,1.0,0.0,-0.2
lerp@25.2999@p:1.1,0.0,-17.2#r:0.0,1.0,0.0,-0.2
lerp@25.31657@p:1.1,0.0,-17.2#r:0.0,1.0,0.0,-0.2
net@25.33207@p:1.1,0.0,-17.2#r:0.0,1.0,0.0,-0.2
lerp@25.33323@p:1.1,0.0,-17.2#r:0.0,1.0,0.0,-0.2
lerp@25.3499@p:1.1,0.0,-17.2#r:0.0,1.0,0.0,-0.2
net@25.35986@p:1.1,0.0,-17.2#r:0.0,1.0,0.0,-0.2
lerp@25.36657@p:1.1,0.0,-17.2#r:0.0,1.0,0.0,-0.2
lerp@25.38323@p:1.1,0.0,-17.2#r:0.0,1.0,0.0,-0.2
lerp@25.3999@p:1.1,0.0,-17.2#r:0.0,1.0,0.0,-0.2
net@25.41232@p:1.1,0.0,-17.2#r:0.0,1.0,0.0,-0.2
lerp@25.41656@p:1.1,0.0,-17.2#r:0.0,1.0,0.0,-0.2
lerp@25.43323@p:1.1,0.0,-17.2#r:0.0,1.0,0.0,-0.2
net@25.44041@p:1.1,0.0,-17.2#r:0.0,1.0,0.0,-0.2
lerp@25.4499@p:1.1,0.0,-17.2#r:0.0,1.0,0.0,-0.2
lerp@25.46657@p:1.1,0.0,-17.2#r:0.0,1.0,0.0,-0.2
lerp@25.48323@p:1.1,0.0,-17.2#r:0.0,1.0,0.0,-0.2
lerp@25.4999@p:1.1,0.0,-17.2#r:0.0,1.0,0.0,-0.2
net@25.50417@p:1.1,0.0,-17.2#r:0.0,1.0,0.0,-0.2
lerp@25.51657@p:1.1,0.0,-17.2#r:0.0,1.0,0.0,-0.2
lerp@25.53323@p:1.1,0.0,-17.2#r:0.0,1.0,0.0,-0.2
lerp@25.5499@p:1.1,0.0,-17.2#r:0.0,1.0,0.0,-0.2
net@25.55208@p:1.1,0.0,-17.2#r:0.0,1.0,0.0,-0.2
lerp@25.56656@p:1.1,0.0,-17.2#r:0.0,1.0,0.0,-0.2
lerp@25.58323@p:1.1,0.0,-17.2#r:0.0,1.0,0.0,-0.2
net@25.58398@p:1.1,0.0,-17.2#r:0.0,1.0,0.0,-0.2
lerp@25.5999@p:1.1,0.0,-17.2#r:0.0,1.0,0.0,-0.2
lerp@25.61657@p:1.1,0.0,-17.2#r:0.0,1.0,0.0,-0.2
net@25.63213@p:1.1,0.0,-17.2#r:0.0,1.0,0.0,-0.2
lerp@25.63323@p:1.1,0.0,-17.2#r:0.0,1.0,0.0,-0.2
lerp@25.6499@p:1.1,0.0,-17.2#r:0.0,1.0,0.0,-0.2
lerp@25.66656@p:1.1,0.0,-17.2#r:0.0,1.0,0.0,-0.2
net@25.67223@p:1.1,0.0,-17.2#r:0.0,1.0,0.0,-0.2
lerp@25.68323@p:1.1,0.0,-17.2#r:0.0,1.0,0.0,-0.2
net@25.6925@p:1.1,0.0,-17.2#r:0.0,1.0,0.0,-0.2
lerp@25.6999@p:1.1,0.0,-17.2#r:0.0,1.0,0.0,-0.2
lerp@25.71656@p:1.1,0.0,-17.2#r:0.0,1.0,0.0,-0.2
